[INFO] Scanning for projects...
[INFO] 
[INFO] ------------------------------------------------------------------------
[INFO] Building merch-bff-acceptance-test 0.0.1-SNAPSHOT
[INFO] ------------------------------------------------------------------------
[INFO] 
[INFO] --- maven-clean-plugin:2.5:clean (default-clean) @ merch-bff-acceptance-test ---
[INFO] Deleting /Users/ramgupta/IdeaProjects/acceptancetest/target
[INFO] 
[INFO] --- maven-resources-plugin:2.6:resources (default-resources) @ merch-bff-acceptance-test ---
[INFO] Using 'UTF-8' encoding to copy filtered resources.
[INFO] skip non existing resourceDirectory /Users/ramgupta/IdeaProjects/acceptancetest/src/main/resources
[INFO] 
[INFO] --- maven-compiler-plugin:3.2:compile (default-compile) @ merch-bff-acceptance-test ---
[INFO] No sources to compile
[INFO] 
[INFO] --- cucumber-jvm-parallel-plugin:4.2.0:generateRunners (generateRunners) @ merch-bff-acceptance-test ---
[INFO] Adding /Users/ramgupta/IdeaProjects/acceptancetest/target/generated-test-sources/cucumber to test-compile source root
[INFO] 
[INFO] --- maven-resources-plugin:2.6:testResources (default-testResources) @ merch-bff-acceptance-test ---
[INFO] Using 'UTF-8' encoding to copy filtered resources.
[INFO] Copying 2 resources
[INFO] 
[INFO] --- maven-compiler-plugin:3.2:testCompile (default-testCompile) @ merch-bff-acceptance-test ---
[INFO] Changes detected - recompiling the module!
[INFO] Compiling 7 source files to /Users/ramgupta/IdeaProjects/acceptancetest/target/test-classes
[INFO] 
[INFO] --- maven-surefire-plugin:2.20.1:test (default-test) @ merch-bff-acceptance-test ---
[INFO] Tests are skipped.
[INFO] 
[INFO] --- maven-jar-plugin:2.4:jar (default-jar) @ merch-bff-acceptance-test ---
[WARNING] JAR will be empty - no content was marked for inclusion!
[INFO] Building jar: /Users/ramgupta/IdeaProjects/acceptancetest/target/merch-bff-acceptance-test-0.0.1-SNAPSHOT.jar
[INFO] 
[INFO] --- maven-failsafe-plugin:2.20.1:integration-test (default) @ merch-bff-acceptance-test ---
[INFO] 
[INFO] -------------------------------------------------------
[INFO]  T E S T S
[INFO] -------------------------------------------------------
[main] INFO net.serenitybdd.core.Serenity - [36m

-------------------------------------------------------------------------------------
     _______. _______ .______       _______ .__   __.  __  .___________.____    ____ 
    /       ||   ____||   _  \     |   ____||  \ |  | |  | |           |\   \  /   / 
   |   (----`|  |__   |  |_)  |    |  |__   |   \|  | |  | `---|  |----` \   \/   /  
    \   \    |   __|  |      /     |   __|  |  . `  | |  |     |  |       \_    _/   
.----)   |   |  |____ |  |\  \----.|  |____ |  |\   | |  |     |  |         |  |     
|_______/    |_______|| _| `._____||_______||__| \__| |__|     |__|         |__|    
                                                                                     
 News and tutorials at http://www.serenity-bdd.info                                  
 Documentation at https://wakaleo.gitbooks.io/the-serenity-book/content/             
 Join the Serenity Community on Rocket Chat at https://serenity-bdd.rocket.chat      
 Serenity BDD Support and Training at http://serenity-bdd.info/#/trainingandsupport  
 Learn Serenity BDD online at http://serenity-dojo.com                               
-------------------------------------------------------------------------------------
[0m
[main] INFO net.serenitybdd.core.Serenity - Test Suite Started: Checking Eligibility
[main] INFO net.serenitybdd.core.Serenity - Test Suite Started: Checking Eligibility
[main] INFO net.serenitybdd.core.Serenity - Test Suite Started: Checking Eligibility
[main] INFO net.serenitybdd.core.Serenity - Test Suite Started: Checking Eligibility
[main] INFO net.serenitybdd.core.Serenity - Test Suite Started: Checking Eligibility
[pool-1-thread-4] INFO net.serenitybdd.core.Serenity - 
 _____ _____ ____ _____   ____ _____  _    ____ _____ _____ ____  
|_   _| ____/ ___|_   _| / ___|_   _|/ \  |  _ \_   _| ____|  _ \ 
  | | |  _| \___ \ | |   \___ \ | | / _ \ | |_) || | |  _| | | | |
  | | | |___ ___) || |    ___) || |/ ___ \|  _ < | | | |___| |_| |
  |_| |_____|____/ |_|   |____/ |_/_/   \_\_| \_\|_| |_____|____/ 
                                                                  

TEST STARTED: Checking CrossSell Eligibility within Retention window2
-------------------------------------------------------------------(checking-eligibility;checking-crosssell-eligibility-within-retention-window2)
[pool-1-thread-1] INFO net.serenitybdd.core.Serenity - 
 _____ _____ ____ _____   ____ _____  _    ____ _____ _____ ____  
|_   _| ____/ ___|_   _| / ___|_   _|/ \  |  _ \_   _| ____|  _ \ 
  | | |  _| \___ \ | |   \___ \ | | / _ \ | |_) || | |  _| | | | |
  | | | |___ ___) || |    ___) || |/ ___ \|  _ < | | | |___| |_| |
  |_| |_____|____/ |_|   |____/ |_/_/   \_\_| \_\|_| |_____|____/ 
                                                                  

TEST STARTED: Checking CrossSell Eligibility within Retention window5
-------------------------------------------------------------------(checking-eligibility;checking-crosssell-eligibility-within-retention-window5)
[pool-1-thread-5] INFO net.serenitybdd.core.Serenity - 
 _____ _____ ____ _____   ____ _____  _    ____ _____ _____ ____  
|_   _| ____/ ___|_   _| / ___|_   _|/ \  |  _ \_   _| ____|  _ \ 
  | | |  _| \___ \ | |   \___ \ | | / _ \ | |_) || | |  _| | | | |
  | | | |___ ___) || |    ___) || |/ ___ \|  _ < | | | |___| |_| |
  |_| |_____|____/ |_|   |____/ |_/_/   \_\_| \_\|_| |_____|____/ 
                                                                  

TEST STARTED: Checking CrossSell Eligibility within Retention window3
-------------------------------------------------------------------(checking-eligibility;checking-crosssell-eligibility-within-retention-window3)
[pool-1-thread-3] INFO net.serenitybdd.core.Serenity - 
 _____ _____ ____ _____   ____ _____  _    ____ _____ _____ ____  
|_   _| ____/ ___|_   _| / ___|_   _|/ \  |  _ \_   _| ____|  _ \ 
  | | |  _| \___ \ | |   \___ \ | | / _ \ | |_) || | |  _| | | | |
  | | | |___ ___) || |    ___) || |/ ___ \|  _ < | | | |___| |_| |
  |_| |_____|____/ |_|   |____/ |_/_/   \_\_| \_\|_| |_____|____/ 
                                                                  

TEST STARTED: Checking CrossSell Eligibility within Retention window1
-------------------------------------------------------------------(checking-eligibility;checking-crosssell-eligibility-within-retention-window1)
[pool-1-thread-2] INFO net.serenitybdd.core.Serenity - 
 _____ _____ ____ _____   ____ _____  _    ____ _____ _____ ____  
|_   _| ____/ ___|_   _| / ___|_   _|/ \  |  _ \_   _| ____|  _ \ 
  | | |  _| \___ \ | |   \___ \ | | / _ \ | |_) || | |  _| | | | |
  | | | |___ ___) || |    ___) || |/ ___ \|  _ < | | | |___| |_| |
  |_| |_____|____/ |_|   |____/ |_/_/   \_\_| \_\|_| |_____|____/ 
                                                                  

TEST STARTED: Checking CrossSell Eligibility within Retention window4
-------------------------------------------------------------------(checking-eligibility;checking-crosssell-eligibility-within-retention-window4)

0 Scenarios
0 Steps

0 Scenarios
0 Steps
0m0m0.289s
0.368s




0 Scenarios ()
0 Scenarios ()
1 Steps ([32m1 passed[0m)
1 Steps (0m0.421s

[32m1 passed[0m)
0m0.435s


0 Scenarios ()
1 Steps ([32m1 passed[0m)
0m0.410s

[INFO] Running Checking Eligibility
[ERROR] Tests run: 5, Failures: 0, Errors: 5, Skipped: 0, Time elapsed: 0.171 s <<< FAILURE! - in Checking Eligibility
[ERROR] Feature: Checking Eligibility  Time elapsed: 0.171 s  <<< ERROR!
java.lang.NullPointerException: No BaseStepListener has been registered

[ERROR] Feature: Checking Eligibility  Time elapsed: 0.006 s  <<< ERROR!
java.util.ConcurrentModificationException

[ERROR] Feature: Checking Eligibility  Time elapsed: 0.006 s  <<< ERROR!
java.util.ConcurrentModificationException

[ERROR] Feature: Checking Eligibility  Time elapsed: 0.171 s  <<< ERROR!
java.lang.NullPointerException: No BaseStepListener has been registered

[ERROR] Feature: Checking Eligibility  Time elapsed: 0.171 s  <<< ERROR!
java.lang.NullPointerException: No BaseStepListener has been registered

[INFO] 
[INFO] Results:
[INFO] 
[ERROR] Errors: 
[ERROR] Feature: Checking Eligibility.Feature: Checking Eligibility
[ERROR]   Run 1: No BaseStepListener has been registered
[ERROR]   Run 2: null
[ERROR]   Run 3: null
[ERROR]   Run 4: No BaseStepListener has been registered
[ERROR]   Run 5: No BaseStepListener has been registered
[INFO] 
[INFO] 
[ERROR] Tests run: 1, Failures: 0, Errors: 1, Skipped: 0
[INFO] 
[INFO] 
[INFO] --- serenity-maven-plugin:1.8.1:aggregate (serenity-reports) @ merch-bff-acceptance-test ---
[INFO] current_project.base.dir: /Users/ramgupta/IdeaProjects/acceptancetest
[INFO] Generating test results for 5 tests
[INFO] 2 requirements loaded after 452 ms
[INFO] 2 related requirements found after 453 ms
[INFO] Generating test outcome reports: false
[INFO] Starting generating reports: 557 ms
[INFO] Configured report threads: 40
[INFO] Test results for 5 tests generated in 2489 ms
[INFO] 
[INFO] --- maven-failsafe-plugin:2.20.1:verify (default) @ merch-bff-acceptance-test ---
[INFO] ------------------------------------------------------------------------
[INFO] BUILD FAILURE
[INFO] ------------------------------------------------------------------------
[INFO] Total time: 10.741 s
[INFO] Finished at: 2018-03-10T19:43:36-06:00
[INFO] Final Memory: 47M/488M
[INFO] ------------------------------------------------------------------------
[ERROR] Failed to execute goal org.apache.maven.plugins:maven-failsafe-plugin:2.20.1:verify (default) on project merch-bff-acceptance-test: There are test failures.
[ERROR] 
[ERROR] Please refer to /Users/ramgupta/IdeaProjects/acceptancetest/target/failsafe-reports for the individual test results.
[ERROR] Please refer to dump files (if any exist) [date]-jvmRun[N].dump, [date].dumpstream and [date]-jvmRun[N].dumpstream.
[ERROR] -> [Help 1]
[ERROR] 
[ERROR] To see the full stack trace of the errors, re-run Maven with the -e switch.
[ERROR] Re-run Maven using the -X switch to enable full debug logging.
[ERROR] 
[ERROR] For more information about the errors and possible solutions, please read the following articles:
[ERROR] [Help 1] http://cwiki.apache.org/confluence/display/MAVEN/MojoFailureException
