[INFO] Scanning for projects...
[INFO] 
[INFO] ------------------------------------------------------------------------
[INFO] Building merch-bff-acceptance-test 0.0.1-SNAPSHOT
[INFO] ------------------------------------------------------------------------
[INFO] 
[INFO] --- maven-clean-plugin:2.5:clean (default-clean) @ merch-bff-acceptance-test ---
[INFO] Deleting /Users/ramgupta/IdeaProjects/acceptancetest/target
[INFO] 
[INFO] --- maven-resources-plugin:2.6:resources (default-resources) @ merch-bff-acceptance-test ---
[INFO] Using 'UTF-8' encoding to copy filtered resources.
[INFO] skip non existing resourceDirectory /Users/ramgupta/IdeaProjects/acceptancetest/src/main/resources
[INFO] 
[INFO] --- maven-compiler-plugin:3.2:compile (default-compile) @ merch-bff-acceptance-test ---
[INFO] No sources to compile
[INFO] 
[INFO] --- cucumber-jvm-parallel-plugin:4.2.0:generateRunners (generateRunners) @ merch-bff-acceptance-test ---
[INFO] Adding /Users/ramgupta/IdeaProjects/acceptancetest/target/generated-test-sources/cucumber to test-compile source root
[INFO] 
[INFO] --- maven-resources-plugin:2.6:testResources (default-testResources) @ merch-bff-acceptance-test ---
[INFO] Using 'UTF-8' encoding to copy filtered resources.
[INFO] Copying 2 resources
[INFO] 
[INFO] --- maven-compiler-plugin:3.2:testCompile (default-testCompile) @ merch-bff-acceptance-test ---
[INFO] Changes detected - recompiling the module!
[INFO] Compiling 3 source files to /Users/ramgupta/IdeaProjects/acceptancetest/target/test-classes
[INFO] 
[INFO] --- maven-surefire-plugin:2.20.1:test (default-test) @ merch-bff-acceptance-test ---
[INFO] Tests are skipped.
[INFO] 
[INFO] --- maven-jar-plugin:2.4:jar (default-jar) @ merch-bff-acceptance-test ---
[WARNING] JAR will be empty - no content was marked for inclusion!
[INFO] Building jar: /Users/ramgupta/IdeaProjects/acceptancetest/target/merch-bff-acceptance-test-0.0.1-SNAPSHOT.jar
[INFO] 
[INFO] --- maven-failsafe-plugin:2.20.1:integration-test (default) @ merch-bff-acceptance-test ---
[INFO] 
[INFO] -------------------------------------------------------
[INFO]  T E S T S
[INFO] -------------------------------------------------------
[main] INFO net.serenitybdd.core.Serenity - 

-------------------------------------------------------------------------------------
     _______. _______ .______       _______ .__   __.  __  .___________.____    ____ 
    /       ||   ____||   _  \     |   ____||  \ |  | |  | |           |\   \  /   / 
   |   (----`|  |__   |  |_)  |    |  |__   |   \|  | |  | `---|  |----` \   \/   /  
    \   \    |   __|  |      /     |   __|  |  . `  | |  |     |  |       \_    _/   
.----)   |   |  |____ |  |\  \----.|  |____ |  |\   | |  |     |  |         |  |     
|_______/    |_______|| _| `._____||_______||__| \__| |__|     |__|         |__|    
                                                                                     
 News and tutorials at http://www.serenity-bdd.info                                  
 Documentation at https://wakaleo.gitbooks.io/the-serenity-book/content/             
 Join the Serenity Community on Rocket Chat at https://serenity-bdd.rocket.chat      
 Serenity BDD Support and Training at http://serenity-bdd.info/#/trainingandsupport  
 Learn Serenity BDD online at http://serenity-dojo.com                               
-------------------------------------------------------------------------------------

[main] INFO net.serenitybdd.core.Serenity - Test Suite Started: Checking Eligibility
[pool-1-thread-1] INFO net.serenitybdd.core.Serenity - 
 _____ _____ ____ _____   ____ _____  _    ____ _____ _____ ____  
|_   _| ____/ ___|_   _| / ___|_   _|/ \  |  _ \_   _| ____|  _ \ 
  | | |  _| \___ \ | |   \___ \ | | / _ \ | |_) || | |  _| | | | |
  | | | |___ ___) || |    ___) || |/ ___ \|  _ < | | | |___| |_| |
  |_| |_____|____/ |_|   |____/ |_/_/   \_\_| \_\|_| |_____|____/ 
                                                                  

TEST STARTED: Checking CrossSell Eligibility within Retention window
-------------------------------------------------------------------(checking-eligibility;checking-crosssell-eligibility-within-retention-window)

0 Scenarios ()
3 Steps (1 failed, 2 passed)
0m0.943s

java.lang.AssertionError: Asserting True but got false
	at org.junit.Assert.fail(Assert.java:88)
	at org.junit.Assert.assertTrue(Assert.java:41)
	at OfferEligibilityStepDefinitions.cardholderShouldBeAbleToSeeCreditLimitIncreaseAsEligibleOfferTypes(OfferEligibilityStepDefinitions.java:27)
	at âœ½.CardHolder should be able to see CreditLimitIncrease as eligible offer types(/Users/ramgupta/IdeaProjects/acceptancetest/src/test/resources/features/eligibility/bag_eligibility.feature:11)

[INFO] Running Checking Eligibility
[ERROR] Tests run: 1, Failures: 0, Errors: 1, Skipped: 0, Time elapsed: 0.302 s <<< FAILURE! - in Checking Eligibility
[ERROR] Feature: Checking Eligibility  Time elapsed: 0.302 s  <<< ERROR!
java.lang.NoSuchMethodError: net.thucydides.core.model.TestOutcome.testStepWithDescription(Ljava/lang/String;)Lcom/google/common/base/Optional;

[INFO] 
[INFO] Results:
[INFO] 
[ERROR] Errors: 
[ERROR]   net.thucydides.core.model.TestOutcome.testStepWithDescription(Ljava/lang/String;)Lcom/google/common/base/Optional;
[INFO] 
[ERROR] Tests run: 1, Failures: 0, Errors: 1, Skipped: 0
[INFO] 
[INFO] 
[INFO] --- serenity-maven-plugin:1.9.0-rc.1:aggregate (serenity-reports) @ merch-bff-acceptance-test ---
[INFO] current_project.base.dir: /Users/ramgupta/IdeaProjects/acceptancetest
[INFO] Generating test results for 1 tests
[INFO] 2 requirements loaded after 197 ms
[INFO] 2 related requirements found after 197 ms
[INFO] Generating test outcome reports: false
[INFO] Starting generating reports: 246 ms
[INFO] Configured report threads: 40
[INFO] Test results for 1 tests generated in 1287 ms
[INFO] 
[INFO] --- maven-failsafe-plugin:2.20.1:verify (default) @ merch-bff-acceptance-test ---
[INFO] ------------------------------------------------------------------------
[INFO] BUILD FAILURE
[INFO] ------------------------------------------------------------------------
[INFO] Total time: 16.058 s
[INFO] Finished at: 2018-02-10T11:36:53-06:00
[INFO] Final Memory: 48M/584M
[INFO] ------------------------------------------------------------------------
[ERROR] Failed to execute goal org.apache.maven.plugins:maven-failsafe-plugin:2.20.1:verify (default) on project merch-bff-acceptance-test: There are test failures.
[ERROR] 
[ERROR] Please refer to /Users/ramgupta/IdeaProjects/acceptancetest/target/failsafe-reports for the individual test results.
[ERROR] Please refer to dump files (if any exist) [date]-jvmRun[N].dump, [date].dumpstream and [date]-jvmRun[N].dumpstream.
[ERROR] -> [Help 1]
[ERROR] 
[ERROR] To see the full stack trace of the errors, re-run Maven with the -e switch.
[ERROR] Re-run Maven using the -X switch to enable full debug logging.
[ERROR] 
[ERROR] For more information about the errors and possible solutions, please read the following articles:
[ERROR] [Help 1] http://cwiki.apache.org/confluence/display/MAVEN/MojoFailureException
